# libKeOps_template_dba6b27ab3 compiled on 2020/11/30 with /Library/Developer/CommandLineTools/usr/bin/c++ (12.0.0.12000032):

 cmake /Users/glaunes/repos_git/keops/pykeops/scripts_templates/ -DCMAKE_BUILD_TYPE='' -DPYTHON_LANG='torch' -D__TYPE__='float' -DPYTHON_EXECUTABLE='/Users/glaunes/opt/anaconda3/envs/pytorch/bin/python' -DPYBIND11_PYTHON_VERSION='3.8' -DPYTORCH_ROOT_DIR=/Users/glaunes/opt/anaconda3/envs/pytorch/lib/python3.8/site-packages/torch -D_GLIBCXX_USE_CXX11_ABI=0 -Dshared_obj_name='libKeOps_template_dba6b27ab3'
 cmake --build . --target libKeOps_template_dba6b27ab3 --  VERBOSE=1

# ----------------------------------------------------------------------
# libKeOps_template_dba6b27ab3 compiled on 2020/11/30 with /Library/Developer/CommandLineTools/usr/bin/c++ (12.0.0.12000032):

 cmake /Users/glaunes/repos_git/keops/pykeops/scripts_templates/ -DCMAKE_BUILD_TYPE='' -DPYTHON_LANG='torch' -D__TYPE__='float' -DPYTHON_EXECUTABLE='/Users/glaunes/opt/anaconda3/envs/pytorch/bin/python' -DPYBIND11_PYTHON_VERSION='3.8' -DPYTORCH_ROOT_DIR=/Users/glaunes/opt/anaconda3/envs/pytorch/lib/python3.8/site-packages/torch -D_GLIBCXX_USE_CXX11_ABI=0 -Dshared_obj_name='libKeOps_template_dba6b27ab3'
 cmake --build . --target libKeOps_template_dba6b27ab3 --  VERBOSE=1

# ----------------------------------------------------------------------
# libKeOps_template_dba6b27ab3 compiled on 2020/11/30 with /Library/Developer/CommandLineTools/usr/bin/c++ (12.0.0.12000032):

 cmake /Users/glaunes/repos_git/keops/pykeops/scripts_templates/ -DCMAKE_BUILD_TYPE='' -DPYTHON_LANG='torch' -D__TYPE__='float' -DPYTHON_EXECUTABLE='/Users/glaunes/opt/anaconda3/envs/pytorch/bin/python' -DPYBIND11_PYTHON_VERSION='3.8' -DPYTORCH_ROOT_DIR=/Users/glaunes/opt/anaconda3/envs/pytorch/lib/python3.8/site-packages/torch -D_GLIBCXX_USE_CXX11_ABI=0 -Dshared_obj_name='libKeOps_template_dba6b27ab3'
 cmake --build . --target libKeOps_template_dba6b27ab3 --  VERBOSE=1

# ----------------------------------------------------------------------
# libKeOps_template_dba6b27ab3 compiled on 2020/11/30 with /Library/Developer/CommandLineTools/usr/bin/c++ (12.0.0.12000032):

 cmake /Users/glaunes/repos_git/keops/pykeops/scripts_templates/ -DCMAKE_BUILD_TYPE='' -DPYTHON_LANG='torch' -D__TYPE__='float' -DPYTHON_EXECUTABLE='/Users/glaunes/opt/anaconda3/envs/pytorch/bin/python' -DPYBIND11_PYTHON_VERSION='3.8' -DPYTORCH_ROOT_DIR=/Users/glaunes/opt/anaconda3/envs/pytorch/lib/python3.8/site-packages/torch -D_GLIBCXX_USE_CXX11_ABI=0 -Dshared_obj_name='libKeOps_template_dba6b27ab3'
 cmake --build . --target libKeOps_template_dba6b27ab3 --  VERBOSE=1

# ----------------------------------------------------------------------
# libKeOps_template_dba6b27ab3 compiled on 2020/11/30 with /Library/Developer/CommandLineTools/usr/bin/c++ (12.0.0.12000032):

 cmake /Users/glaunes/repos_git/keops/pykeops/scripts_templates/ -DCMAKE_BUILD_TYPE='' -DPYTHON_LANG='torch' -D__TYPE__='float' -DPYTHON_EXECUTABLE='/Users/glaunes/opt/anaconda3/envs/pytorch/bin/python' -DPYBIND11_PYTHON_VERSION='3.8' -DPYTORCH_ROOT_DIR=/Users/glaunes/opt/anaconda3/envs/pytorch/lib/python3.8/site-packages/torch -D_GLIBCXX_USE_CXX11_ABI=0 -Dshared_obj_name='libKeOps_template_dba6b27ab3'
 cmake --build . --target libKeOps_template_dba6b27ab3 --  VERBOSE=1

# ----------------------------------------------------------------------
# libKeOps_template_dba6b27ab3 compiled on 2020/11/30 with /Library/Developer/CommandLineTools/usr/bin/c++ (12.0.0.12000032):

 cmake /Users/glaunes/repos_git/keops/pykeops/scripts_templates/ -DCMAKE_BUILD_TYPE='' -DPYTHON_LANG='torch' -D__TYPE__='float' -DPYTHON_EXECUTABLE='/Users/glaunes/opt/anaconda3/envs/pytorch/bin/python' -DPYBIND11_PYTHON_VERSION='3.8' -DPYTORCH_ROOT_DIR=/Users/glaunes/opt/anaconda3/envs/pytorch/lib/python3.8/site-packages/torch -D_GLIBCXX_USE_CXX11_ABI=0 -Dshared_obj_name='libKeOps_template_dba6b27ab3'
 cmake --build . --target libKeOps_template_dba6b27ab3 --  VERBOSE=1

# ----------------------------------------------------------------------
# libKeOps_template_dba6b27ab3 compiled on 2020/11/30 with /Library/Developer/CommandLineTools/usr/bin/c++ (12.0.0.12000032):

 cmake /Users/glaunes/repos_git/keops/pykeops/scripts_templates/ -DCMAKE_BUILD_TYPE='' -DPYTHON_LANG='torch' -D__TYPE__='float' -DPYTHON_EXECUTABLE='/Users/glaunes/opt/anaconda3/envs/pytorch/bin/python' -DPYBIND11_PYTHON_VERSION='3.8' -DPYTORCH_ROOT_DIR=/Users/glaunes/opt/anaconda3/envs/pytorch/lib/python3.8/site-packages/torch -D_GLIBCXX_USE_CXX11_ABI=0 -Dshared_obj_name='libKeOps_template_dba6b27ab3'
 cmake --build . --target libKeOps_template_dba6b27ab3 --  VERBOSE=1

# ----------------------------------------------------------------------
# libKeOps_template_dba6b27ab3 compiled on 2020/11/30 with /Library/Developer/CommandLineTools/usr/bin/c++ (12.0.0.12000032):

 cmake /Users/glaunes/repos_git/keops/pykeops/scripts_templates/ -DCMAKE_BUILD_TYPE='' -DPYTHON_LANG='torch' -D__TYPE__='float' -DPYTHON_EXECUTABLE='/Users/glaunes/opt/anaconda3/envs/pytorch/bin/python' -DPYBIND11_PYTHON_VERSION='3.8' -DPYTORCH_ROOT_DIR=/Users/glaunes/opt/anaconda3/envs/pytorch/lib/python3.8/site-packages/torch -D_GLIBCXX_USE_CXX11_ABI=0 -Dshared_obj_name='libKeOps_template_dba6b27ab3'
 cmake --build . --target libKeOps_template_dba6b27ab3 --  VERBOSE=1

# ----------------------------------------------------------------------
# libKeOps_template_dba6b27ab3 compiled on 2020/11/30 with /Library/Developer/CommandLineTools/usr/bin/c++ (12.0.0.12000032):

 cmake /Users/glaunes/repos_git/keops/pykeops/scripts_templates/ -DCMAKE_BUILD_TYPE='' -DPYTHON_LANG='torch' -D__TYPE__='float' -DPYTHON_EXECUTABLE='/Users/glaunes/opt/anaconda3/envs/pytorch/bin/python' -DPYBIND11_PYTHON_VERSION='3.8' -DPYTORCH_ROOT_DIR=/Users/glaunes/opt/anaconda3/envs/pytorch/lib/python3.8/site-packages/torch -D_GLIBCXX_USE_CXX11_ABI=0 -Dshared_obj_name='libKeOps_template_dba6b27ab3'
 cmake --build . --target libKeOps_template_dba6b27ab3 --  VERBOSE=1

# ----------------------------------------------------------------------
# libKeOps_template_dba6b27ab3 compiled on 2020/11/30 with /Library/Developer/CommandLineTools/usr/bin/c++ (12.0.0.12000032):

 cmake /Users/glaunes/repos_git/keops/pykeops/scripts_templates/ -DCMAKE_BUILD_TYPE='' -DPYTHON_LANG='torch' -D__TYPE__='float' -DPYTHON_EXECUTABLE='/Users/glaunes/opt/anaconda3/envs/pytorch/bin/python' -DPYBIND11_PYTHON_VERSION='3.8' -DPYTORCH_ROOT_DIR=/Users/glaunes/opt/anaconda3/envs/pytorch/lib/python3.8/site-packages/torch -D_GLIBCXX_USE_CXX11_ABI=0 -Dshared_obj_name='libKeOps_template_dba6b27ab3'
 cmake --build . --target libKeOps_template_dba6b27ab3 --  VERBOSE=1

# ----------------------------------------------------------------------
# libKeOps_template_dba6b27ab3 compiled on 2020/11/30 with /Library/Developer/CommandLineTools/usr/bin/c++ (12.0.0.12000032):

 cmake /Users/glaunes/repos_git/keops/pykeops/scripts_templates/ -DCMAKE_BUILD_TYPE='' -DPYTHON_LANG='torch' -D__TYPE__='float' -DPYTHON_EXECUTABLE='/Users/glaunes/opt/anaconda3/envs/pytorch/bin/python' -DPYBIND11_PYTHON_VERSION='3.8' -DPYTORCH_ROOT_DIR=/Users/glaunes/opt/anaconda3/envs/pytorch/lib/python3.8/site-packages/torch -D_GLIBCXX_USE_CXX11_ABI=0 -Dshared_obj_name='libKeOps_template_dba6b27ab3'
 cmake --build . --target libKeOps_template_dba6b27ab3 --  VERBOSE=1

# ----------------------------------------------------------------------
# libKeOps_template_dba6b27ab3 compiled on 2020/11/30 with /Library/Developer/CommandLineTools/usr/bin/c++ (12.0.0.12000032):

 cmake /Users/glaunes/repos_git/keops/pykeops/scripts_templates/ -DCMAKE_BUILD_TYPE='' -DPYTHON_LANG='torch' -D__TYPE__='float' -DPYTHON_EXECUTABLE='/Users/glaunes/opt/anaconda3/envs/pytorch/bin/python' -DPYBIND11_PYTHON_VERSION='3.8' -DPYTORCH_ROOT_DIR=/Users/glaunes/opt/anaconda3/envs/pytorch/lib/python3.8/site-packages/torch -D_GLIBCXX_USE_CXX11_ABI=0 -Dshared_obj_name='libKeOps_template_dba6b27ab3'
 cmake --build . --target libKeOps_template_dba6b27ab3 --  VERBOSE=1

# ----------------------------------------------------------------------
# libKeOps_template_dba6b27ab3 compiled on 2020/11/30 with /Library/Developer/CommandLineTools/usr/bin/c++ (12.0.0.12000032):

 cmake /Users/glaunes/repos_git/keops/pykeops/scripts_templates/ -DCMAKE_BUILD_TYPE='' -DPYTHON_LANG='torch' -D__TYPE__='float' -DPYTHON_EXECUTABLE='/Users/glaunes/opt/anaconda3/envs/pytorch/bin/python' -DPYBIND11_PYTHON_VERSION='3.8' -DPYTORCH_ROOT_DIR=/Users/glaunes/opt/anaconda3/envs/pytorch/lib/python3.8/site-packages/torch -D_GLIBCXX_USE_CXX11_ABI=0 -Dshared_obj_name='libKeOps_template_dba6b27ab3'
 cmake --build . --target libKeOps_template_dba6b27ab3 --  VERBOSE=1

# ----------------------------------------------------------------------
# libKeOps_template_dba6b27ab3 compiled on 2020/11/30 with /Library/Developer/CommandLineTools/usr/bin/c++ (12.0.0.12000032):

 cmake /Users/glaunes/repos_git/keops/pykeops/scripts_templates/ -DCMAKE_BUILD_TYPE='' -DPYTHON_LANG='torch' -D__TYPE__='float' -DPYTHON_EXECUTABLE='/Users/glaunes/opt/anaconda3/envs/pytorch/bin/python' -DPYBIND11_PYTHON_VERSION='3.8' -DPYTORCH_ROOT_DIR=/Users/glaunes/opt/anaconda3/envs/pytorch/lib/python3.8/site-packages/torch -D_GLIBCXX_USE_CXX11_ABI=0 -Dshared_obj_name='libKeOps_template_dba6b27ab3'
 cmake --build . --target libKeOps_template_dba6b27ab3 --  VERBOSE=1

# ----------------------------------------------------------------------
# libKeOps_template_dba6b27ab3 compiled on 2020/11/30 with /Library/Developer/CommandLineTools/usr/bin/c++ (12.0.0.12000032):

 cmake /Users/glaunes/repos_git/keops/pykeops/scripts_templates/ -DCMAKE_BUILD_TYPE='' -DPYTHON_LANG='torch' -D__TYPE__='float' -DPYTHON_EXECUTABLE='/Users/glaunes/opt/anaconda3/envs/pytorch/bin/python' -DPYBIND11_PYTHON_VERSION='3.8' -DPYTORCH_ROOT_DIR=/Users/glaunes/opt/anaconda3/envs/pytorch/lib/python3.8/site-packages/torch -D_GLIBCXX_USE_CXX11_ABI=0 -Dshared_obj_name='libKeOps_template_dba6b27ab3'
 cmake --build . --target libKeOps_template_dba6b27ab3 --  VERBOSE=1

# ----------------------------------------------------------------------
# libKeOps_template_dba6b27ab3 compiled on 2020/11/30 with /Library/Developer/CommandLineTools/usr/bin/c++ (12.0.0.12000032):

 cmake /Users/glaunes/repos_git/keops/pykeops/scripts_templates/ -DCMAKE_BUILD_TYPE='' -DPYTHON_LANG='torch' -D__TYPE__='float' -DPYTHON_EXECUTABLE='/Users/glaunes/opt/anaconda3/envs/pytorch/bin/python' -DPYBIND11_PYTHON_VERSION='3.8' -DPYTORCH_ROOT_DIR=/Users/glaunes/opt/anaconda3/envs/pytorch/lib/python3.8/site-packages/torch -D_GLIBCXX_USE_CXX11_ABI=0 -Dshared_obj_name='libKeOps_template_dba6b27ab3'
 cmake --build . --target libKeOps_template_dba6b27ab3 --  VERBOSE=1

# ----------------------------------------------------------------------
# libKeOps_template_dba6b27ab3 compiled on 2020/11/30 with /Library/Developer/CommandLineTools/usr/bin/c++ (12.0.0.12000032):

 cmake /Users/glaunes/repos_git/keops/pykeops/scripts_templates/ -DCMAKE_BUILD_TYPE='' -DPYTHON_LANG='torch' -D__TYPE__='float' -DPYTHON_EXECUTABLE='/Users/glaunes/opt/anaconda3/envs/pytorch/bin/python' -DPYBIND11_PYTHON_VERSION='3.8' -DPYTORCH_ROOT_DIR=/Users/glaunes/opt/anaconda3/envs/pytorch/lib/python3.8/site-packages/torch -D_GLIBCXX_USE_CXX11_ABI=0 -Dshared_obj_name='libKeOps_template_dba6b27ab3'
 cmake --build . --target libKeOps_template_dba6b27ab3 --  VERBOSE=1

# ----------------------------------------------------------------------
# libKeOps_template_dba6b27ab3 compiled on 2020/11/30 with /Library/Developer/CommandLineTools/usr/bin/c++ (12.0.0.12000032):

 cmake /Users/glaunes/repos_git/keops/pykeops/scripts_templates/ -DCMAKE_BUILD_TYPE='' -DPYTHON_LANG='torch' -D__TYPE__='float' -DPYTHON_EXECUTABLE='/Users/glaunes/opt/anaconda3/envs/pytorch/bin/python' -DPYBIND11_PYTHON_VERSION='3.8' -DPYTORCH_ROOT_DIR=/Users/glaunes/opt/anaconda3/envs/pytorch/lib/python3.8/site-packages/torch -D_GLIBCXX_USE_CXX11_ABI=0 -Dshared_obj_name='libKeOps_template_dba6b27ab3'
 cmake --build . --target libKeOps_template_dba6b27ab3 --  VERBOSE=1

# ----------------------------------------------------------------------
# libKeOps_template_dba6b27ab3 compiled on 2020/11/30 with /Library/Developer/CommandLineTools/usr/bin/c++ (12.0.0.12000032):

 cmake /Users/glaunes/repos_git/keops/pykeops/scripts_templates/ -DCMAKE_BUILD_TYPE='' -DPYTHON_LANG='torch' -D__TYPE__='float' -DPYTHON_EXECUTABLE='/Users/glaunes/opt/anaconda3/envs/pytorch/bin/python' -DPYBIND11_PYTHON_VERSION='3.8' -DPYTORCH_ROOT_DIR=/Users/glaunes/opt/anaconda3/envs/pytorch/lib/python3.8/site-packages/torch -D_GLIBCXX_USE_CXX11_ABI=0 -Dshared_obj_name='libKeOps_template_dba6b27ab3'
 cmake --build . --target libKeOps_template_dba6b27ab3 --  VERBOSE=1

# ----------------------------------------------------------------------
# libKeOps_template_2c88503458 compiled on 2020/11/30 with /Library/Developer/CommandLineTools/usr/bin/c++ (12.0.0.12000032):

 cmake /Users/glaunes/repos_git/keops/pykeops/scripts_templates/ -DCMAKE_BUILD_TYPE='' -DPYTHON_LANG='torch' -D__TYPE__='float' -DPYTHON_EXECUTABLE='/Users/glaunes/opt/anaconda3/envs/pytorch/bin/python' -DPYBIND11_PYTHON_VERSION='3.8' -DC_CONTIGUOUS=1 -DPYTORCH_ROOT_DIR=/Users/glaunes/opt/anaconda3/envs/pytorch/lib/python3.8/site-packages/torch -D_GLIBCXX_USE_CXX11_ABI=0 -Dshared_obj_name='libKeOps_template_2c88503458'
 cmake --build . --target libKeOps_template_2c88503458 --  VERBOSE=1

# ----------------------------------------------------------------------
# libKeOps_template_2c88503458 compiled on 2020/11/30 with /Library/Developer/CommandLineTools/usr/bin/c++ (12.0.0.12000032):

 cmake /Users/glaunes/repos_git/keops/pykeops/scripts_templates/ -DCMAKE_BUILD_TYPE='' -DPYTHON_LANG='torch' -D__TYPE__='float' -DPYTHON_EXECUTABLE='/Users/glaunes/opt/anaconda3/envs/pytorch/bin/python' -DPYBIND11_PYTHON_VERSION='3.8' -DC_CONTIGUOUS=1 -DPYTORCH_ROOT_DIR=/Users/glaunes/opt/anaconda3/envs/pytorch/lib/python3.8/site-packages/torch -D_GLIBCXX_USE_CXX11_ABI=0 -Dshared_obj_name='libKeOps_template_2c88503458'
 cmake --build . --target libKeOps_template_2c88503458 --  VERBOSE=1

# ----------------------------------------------------------------------
# libKeOps_template_2c88503458 compiled on 2020/11/30 with /Library/Developer/CommandLineTools/usr/bin/c++ (12.0.0.12000032):

 cmake /Users/glaunes/repos_git/keops/pykeops/scripts_templates/ -DCMAKE_BUILD_TYPE='' -DPYTHON_LANG='torch' -D__TYPE__='float' -DPYTHON_EXECUTABLE='/Users/glaunes/opt/anaconda3/envs/pytorch/bin/python' -DPYBIND11_PYTHON_VERSION='3.8' -DC_CONTIGUOUS=1 -DPYTORCH_ROOT_DIR=/Users/glaunes/opt/anaconda3/envs/pytorch/lib/python3.8/site-packages/torch -D_GLIBCXX_USE_CXX11_ABI=0 -Dshared_obj_name='libKeOps_template_2c88503458'
 cmake --build . --target libKeOps_template_2c88503458 --  VERBOSE=1

# ----------------------------------------------------------------------
# libKeOps_template_2c88503458 compiled on 2020/11/30 with /Library/Developer/CommandLineTools/usr/bin/c++ (12.0.0.12000032):

 cmake /Users/glaunes/repos_git/keops/pykeops/scripts_templates/ -DCMAKE_BUILD_TYPE='' -DPYTHON_LANG='torch' -D__TYPE__='float' -DPYTHON_EXECUTABLE='/Users/glaunes/opt/anaconda3/envs/pytorch/bin/python' -DPYBIND11_PYTHON_VERSION='3.8' -DC_CONTIGUOUS=1 -DPYTORCH_ROOT_DIR=/Users/glaunes/opt/anaconda3/envs/pytorch/lib/python3.8/site-packages/torch -D_GLIBCXX_USE_CXX11_ABI=0 -Dshared_obj_name='libKeOps_template_2c88503458'
 cmake --build . --target libKeOps_template_2c88503458 --  VERBOSE=1

# ----------------------------------------------------------------------
# libKeOps_template_2c88503458 compiled on 2020/11/30 with /Library/Developer/CommandLineTools/usr/bin/c++ (12.0.0.12000032):

 cmake /Users/glaunes/repos_git/keops/pykeops/scripts_templates/ -DCMAKE_BUILD_TYPE='' -DPYTHON_LANG='torch' -D__TYPE__='float' -DPYTHON_EXECUTABLE='/Users/glaunes/opt/anaconda3/envs/pytorch/bin/python' -DPYBIND11_PYTHON_VERSION='3.8' -DC_CONTIGUOUS=1 -DPYTORCH_ROOT_DIR=/Users/glaunes/opt/anaconda3/envs/pytorch/lib/python3.8/site-packages/torch -D_GLIBCXX_USE_CXX11_ABI=0 -Dshared_obj_name='libKeOps_template_2c88503458'
 cmake --build . --target libKeOps_template_2c88503458 --  VERBOSE=1

# ----------------------------------------------------------------------
# libKeOps_template_2c88503458 compiled on 2020/11/30 with /Library/Developer/CommandLineTools/usr/bin/c++ (12.0.0.12000032):

 cmake /Users/glaunes/repos_git/keops/pykeops/scripts_templates/ -DCMAKE_BUILD_TYPE='' -DPYTHON_LANG='torch' -D__TYPE__='float' -DPYTHON_EXECUTABLE='/Users/glaunes/opt/anaconda3/envs/pytorch/bin/python' -DPYBIND11_PYTHON_VERSION='3.8' -DC_CONTIGUOUS=1 -DPYTORCH_ROOT_DIR=/Users/glaunes/opt/anaconda3/envs/pytorch/lib/python3.8/site-packages/torch -D_GLIBCXX_USE_CXX11_ABI=0 -Dshared_obj_name='libKeOps_template_2c88503458'
 cmake --build . --target libKeOps_template_2c88503458 --  VERBOSE=1

# ----------------------------------------------------------------------
# libKeOps_template_2c88503458 compiled on 2020/11/30 with /Library/Developer/CommandLineTools/usr/bin/c++ (12.0.0.12000032):

 cmake /Users/glaunes/repos_git/keops/pykeops/scripts_templates/ -DCMAKE_BUILD_TYPE='' -DPYTHON_LANG='torch' -D__TYPE__='float' -DPYTHON_EXECUTABLE='/Users/glaunes/opt/anaconda3/envs/pytorch/bin/python' -DPYBIND11_PYTHON_VERSION='3.8' -DC_CONTIGUOUS=1 -DPYTORCH_ROOT_DIR=/Users/glaunes/opt/anaconda3/envs/pytorch/lib/python3.8/site-packages/torch -D_GLIBCXX_USE_CXX11_ABI=0 -Dshared_obj_name='libKeOps_template_2c88503458'
 cmake --build . --target libKeOps_template_2c88503458 --  VERBOSE=1

# ----------------------------------------------------------------------
# libKeOps_template_2c88503458 compiled on 2020/11/30 with /Library/Developer/CommandLineTools/usr/bin/c++ (12.0.0.12000032):

 cmake /Users/glaunes/repos_git/keops/pykeops/scripts_templates/ -DCMAKE_BUILD_TYPE='' -DPYTHON_LANG='torch' -D__TYPE__='float' -DPYTHON_EXECUTABLE='/Users/glaunes/opt/anaconda3/envs/pytorch/bin/python' -DPYBIND11_PYTHON_VERSION='3.8' -DC_CONTIGUOUS=1 -DPYTORCH_ROOT_DIR=/Users/glaunes/opt/anaconda3/envs/pytorch/lib/python3.8/site-packages/torch -D_GLIBCXX_USE_CXX11_ABI=0 -Dshared_obj_name='libKeOps_template_2c88503458'
 cmake --build . --target libKeOps_template_2c88503458 --  VERBOSE=1

# ----------------------------------------------------------------------
# libKeOps_template_2c88503458 compiled on 2020/11/30 with /Library/Developer/CommandLineTools/usr/bin/c++ (12.0.0.12000032):

 cmake /Users/glaunes/repos_git/keops/pykeops/scripts_templates/ -DCMAKE_BUILD_TYPE='' -DPYTHON_LANG='torch' -D__TYPE__='float' -DPYTHON_EXECUTABLE='/Users/glaunes/opt/anaconda3/envs/pytorch/bin/python' -DPYBIND11_PYTHON_VERSION='3.8' -DC_CONTIGUOUS=1 -DPYTORCH_ROOT_DIR=/Users/glaunes/opt/anaconda3/envs/pytorch/lib/python3.8/site-packages/torch -D_GLIBCXX_USE_CXX11_ABI=0 -Dshared_obj_name='libKeOps_template_2c88503458'
 cmake --build . --target libKeOps_template_2c88503458 --  VERBOSE=1

# ----------------------------------------------------------------------
